\BOOKMARK [0][-]{section*.1}{Author's Guide to AIP Substyles for REVTeX 4.1}{}% 1
\BOOKMARK [1][-]{section*.2}{Contents}{section*.1}% 2
\BOOKMARK [1][-]{section*.3}{Introduction}{section*.1}% 3
\BOOKMARK [2][-]{section*.4}{Prerequisite Documentation}{section*.3}% 4
\BOOKMARK [2][-]{section*.5}{Software Requirements}{section*.3}% 5
\BOOKMARK [2][-]{section*.6}{Submitting to AIP Journals}{section*.3}% 6
\BOOKMARK [2][-]{section*.7}{Contact Information}{section*.3}% 7
\BOOKMARK [1][-]{section*.8}{Sample LaTeX2e Document}{section*.1}% 8
\BOOKMARK [1][-]{section*.9}{REVTeX Class Options Specific to AIP}{section*.1}% 9
\BOOKMARK [2][-]{section*.10}{Journal Substyle}{section*.9}% 10
\BOOKMARK [2][-]{section*.11}{Options for Citations and Bibliography}{section*.9}% 11
\BOOKMARK [2][-]{section*.12}{Formatting Options}{section*.9}% 12
\BOOKMARK [1][-]{section*.13}{Useful LaTeX2e Markup}{section*.1}% 13
\BOOKMARK [2][-]{section*.14}{Title and Front Matter}{section*.13}% 14
\BOOKMARK [2][-]{section*.15}{Lead Paragraph}{section*.13}% 15
\BOOKMARK [1][-]{section*.16}{Body}{section*.1}% 16
\BOOKMARK [2][-]{section*.17}{Footnotes}{section*.16}% 17
\BOOKMARK [1][-]{section*.18}{Citations and References}{section*.1}% 18
\BOOKMARK [2][-]{section*.19}{Using BibTeX}{section*.18}% 19
\BOOKMARK [2][-]{section*.20}{Multiple References per Citation}{section*.18}% 20
